<?xml version="1.0" encoding="UTF-8"?>
<!-- Generated by org.testng.reporters.JUnitXMLReporter -->
<testsuite hostname="DESKTOP-CRT2G8C" failures="1" tests="1" name="Test" time="0.037" errors="0" timestamp="21 Aug 2020 14:38:44 GMT">
  <testcase classname="testing.Hello" name="method" time="0.015">
    <failure type="java.lang.ArithmeticException" message="/ by zero">
      <![CDATA[java.lang.ArithmeticException: / by zero
	at testing.Hello.method(Hello.java:16)
... Removed 24 stack frames]]>
    </failure>
  </testcase> <!-- method -->
</testsuite> <!-- Test -->
