<?xml version="1.0" encoding="UTF-8"?>
<testng-results total="2" passed="1" failed="1" skipped="0">
  <reporter-output>
  </reporter-output>
  <suite started-at="2020-08-21T15:19:04Z" name="Suite" finished-at="2020-08-21T15:19:34Z" duration-ms="29958">
    <groups>
    </groups>
    <test started-at="2020-08-21T15:19:04Z" name="Test" finished-at="2020-08-21T15:19:32Z" duration-ms="28312">
      <class name="testing.GoogleTitle">
        <test-method is-config="true" signature="BeforeMethod()[pri:0, instance:testing.GoogleTitle@4bb4de6a]" started-at="2020-08-21T20:49:04Z" name="BeforeMethod" finished-at="2020-08-21T20:49:21Z" duration-ms="17037" status="PASS">
          <reporter-output>
          </reporter-output>
        </test-method> <!-- BeforeMethod -->
        <test-method signature="Title()[pri:0, instance:testing.GoogleTitle@4bb4de6a]" started-at="2020-08-21T20:49:21Z" name="Title" finished-at="2020-08-21T20:49:27Z" duration-ms="5590" status="PASS">
          <reporter-output>
          </reporter-output>
        </test-method> <!-- Title -->
        <test-method is-config="true" signature="Quit()[pri:0, instance:testing.GoogleTitle@4bb4de6a]" started-at="2020-08-21T20:49:27Z" name="Quit" finished-at="2020-08-21T20:49:32Z" duration-ms="5663" status="PASS">
          <reporter-output>
          </reporter-output>
        </test-method> <!-- Quit -->
      </class> <!-- testing.GoogleTitle -->
    </test> <!-- Test -->
    <test started-at="2020-08-21T15:19:33Z" name="Test1" finished-at="2020-08-21T15:19:34Z" duration-ms="1055">
      <class name="testing.Hello">
        <test-method signature="method()[pri:0, instance:testing.Hello@de3a06f]" started-at="2020-08-21T20:49:33Z" name="method" finished-at="2020-08-21T20:49:33Z" duration-ms="2" status="FAIL">
          <exception class="java.lang.ArithmeticException">
            <message>
              <![CDATA[/ by zero]]>
            </message>
            <full-stacktrace>
              <![CDATA[java.lang.ArithmeticException: / by zero
	at testing.Hello.method(Hello.java:16)
	at java.base/jdk.internal.reflect.NativeMethodAccessorImpl.invoke0(Native Method)
	at java.base/jdk.internal.reflect.NativeMethodAccessorImpl.invoke(NativeMethodAccessorImpl.java:62)
	at java.base/jdk.internal.reflect.DelegatingMethodAccessorImpl.invoke(DelegatingMethodAccessorImpl.java:43)
	at java.base/java.lang.reflect.Method.invoke(Method.java:567)
	at org.testng.internal.MethodInvocationHelper.invokeMethod(MethodInvocationHelper.java:86)
	at org.testng.internal.Invoker.invokeMethod(Invoker.java:645)
	at org.testng.internal.Invoker.invokeTestMethod(Invoker.java:822)
	at org.testng.internal.Invoker.invokeTestMethods(Invoker.java:1130)
	at org.testng.internal.TestMethodWorker.invokeTestMethods(TestMethodWorker.java:129)
	at org.testng.internal.TestMethodWorker.run(TestMethodWorker.java:112)
	at org.testng.TestRunner.privateRun(TestRunner.java:782)
	at org.testng.TestRunner.run(TestRunner.java:632)
	at org.testng.SuiteRunner.runTest(SuiteRunner.java:366)
	at org.testng.SuiteRunner.runSequentially(SuiteRunner.java:361)
	at org.testng.SuiteRunner.privateRun(SuiteRunner.java:319)
	at org.testng.SuiteRunner.run(SuiteRunner.java:268)
	at org.testng.SuiteRunnerWorker.runSuite(SuiteRunnerWorker.java:52)
	at org.testng.SuiteRunnerWorker.run(SuiteRunnerWorker.java:86)
	at org.testng.TestNG.runSuitesSequentially(TestNG.java:1244)
	at org.testng.TestNG.runSuitesLocally(TestNG.java:1169)
	at org.testng.TestNG.run(TestNG.java:1064)
	at org.testng.remote.RemoteTestNG.run(RemoteTestNG.java:113)
	at org.testng.remote.RemoteTestNG.initAndRun(RemoteTestNG.java:206)
	at org.testng.remote.RemoteTestNG.main(RemoteTestNG.java:177)
]]>
            </full-stacktrace>
          </exception> <!-- java.lang.ArithmeticException -->
          <reporter-output>
          </reporter-output>
        </test-method> <!-- method -->
      </class> <!-- testing.Hello -->
    </test> <!-- Test1 -->
  </suite> <!-- Suite -->
</testng-results>
