<?xml version="1.0" encoding="UTF-8"?>
<testng-results total="1" passed="1" failed="0" skipped="0">
  <reporter-output>
  </reporter-output>
  <suite started-at="2020-08-10T07:39:16Z" name="Suite" finished-at="2020-08-10T07:39:57Z" duration-ms="41451">
    <groups>
    </groups>
    <test started-at="2020-08-10T07:39:16Z" name="Test" finished-at="2020-08-10T07:39:57Z" duration-ms="41451">
      <class name="testing.GoogleTitle">
        <test-method is-config="true" signature="BeforeMethod()[pri:0, instance:testing.GoogleTitle@4ae82894]" started-at="2020-08-10T13:09:16Z" name="BeforeMethod" finished-at="2020-08-10T13:09:47Z" duration-ms="31777" status="PASS">
          <reporter-output>
          </reporter-output>
        </test-method> <!-- BeforeMethod -->
        <test-method signature="Title()[pri:0, instance:testing.GoogleTitle@4ae82894]" started-at="2020-08-10T13:09:47Z" name="Title" finished-at="2020-08-10T13:09:52Z" duration-ms="4920" status="PASS">
          <reporter-output>
          </reporter-output>
        </test-method> <!-- Title -->
        <test-method is-config="true" signature="Quit()[pri:0, instance:testing.GoogleTitle@4ae82894]" started-at="2020-08-10T13:09:52Z" name="Quit" finished-at="2020-08-10T13:09:57Z" duration-ms="4730" status="PASS">
          <reporter-output>
          </reporter-output>
        </test-method> <!-- Quit -->
      </class> <!-- testing.GoogleTitle -->
    </test> <!-- Test -->
  </suite> <!-- Suite -->
</testng-results>
